[0m15:48:24.891402 [debug] [MainThread]: Sending event: {'category': 'dbt', 'action': 'invocation', 'label': 'start', 'context': [<snowplow_tracker.self_describing_json.SelfDescribingJson object at 0x00000210D7EC3770>, <snowplow_tracker.self_describing_json.SelfDescribingJson object at 0x00000210D9313C50>, <snowplow_tracker.self_describing_json.SelfDescribingJson object at 0x00000210D9313750>]}


============================== 15:48:24.903688 | 76844d55-3650-411d-b523-839c94663468 ==============================
[0m15:48:24.903688 [info ] [MainThread]: Running with dbt=1.11.7
[0m15:48:24.905510 [debug] [MainThread]: running dbt with arguments {'version_check': 'True', 'no_print': 'None', 'static_parser': 'True', 'warn_error_options': 'WarnErrorOptionsV2(error=[], warn=[], silence=[])', 'target_path': 'None', 'printer_width': '80', 'write_json': 'True', 'empty': 'None', 'log_cache_events': 'False', 'introspect': 'True', 'cache_selected_only': 'False', 'log_format': 'default', 'debug': 'False', 'fail_fast': 'False', 'partial_parse': 'True', 'send_anonymous_usage_stats': 'True', 'quiet': 'False', 'warn_error': 'None', 'profiles_dir': 'C:\\Users\\aswin.sethumadhavan\\.dbt', 'invocation_command': 'dbt init --skip-profile-setup airbnb', 'use_colors': 'True', 'indirect_selection': 'eager', 'use_experimental_parser': 'False', 'log_path': 'logs'}
[0m15:48:25.090580 [info ] [MainThread]: Creating dbt configuration folder at C:\Users\aswin.sethumadhavan\.dbt
[0m15:48:25.097828 [debug] [MainThread]: Starter project path: C:\Users\aswin.sethumadhavan\Desktop\Personal\Learning\DBT\dbt-course\.venv\Lib\site-packages\dbt\include\starter_project
[0m15:48:25.143670 [info ] [MainThread]: 
Your new dbt project "airbnb" was created!

For more information on how to configure the profiles.yml file,
please consult the dbt documentation here:

  https://docs.getdbt.com/docs/configure-your-profile

One more thing:

Need help? Don't hesitate to reach out to us via GitHub issues or on Slack:

  https://community.getdbt.com/

Happy modeling!

[0m15:48:25.146025 [debug] [MainThread]: Command `dbt init` succeeded at 15:48:25.145843 after 0.68 seconds
[0m15:48:25.146594 [debug] [MainThread]: Sending event: {'category': 'dbt', 'action': 'invocation', 'label': 'end', 'context': [<snowplow_tracker.self_describing_json.SelfDescribingJson object at 0x00000210DA4E4050>, <snowplow_tracker.self_describing_json.SelfDescribingJson object at 0x00000210DA495250>, <snowplow_tracker.self_describing_json.SelfDescribingJson object at 0x00000210D91AB680>]}
[0m15:48:25.147161 [debug] [MainThread]: Flushing usage events
[0m15:48:26.398479 [debug] [MainThread]: An error was encountered while trying to flush usage events
[0m11:51:54.027369 [debug] [MainThread]: Sending event: {'category': 'dbt', 'action': 'invocation', 'label': 'start', 'context': [<snowplow_tracker.self_describing_json.SelfDescribingJson object at 0x000001DA9CDE3770>, <snowplow_tracker.self_describing_json.SelfDescribingJson object at 0x000001DA9E237890>, <snowplow_tracker.self_describing_json.SelfDescribingJson object at 0x000001DA9E237C50>]}


============================== 11:51:54.046368 | 2fc14b51-a1cb-48e8-bd04-f75c3b1a4de0 ==============================
[0m11:51:54.046368 [info ] [MainThread]: Running with dbt=1.11.7
[0m11:51:54.060210 [debug] [MainThread]: running dbt with arguments {'static_parser': 'True', 'no_print': 'None', 'version_check': 'True', 'target_path': 'None', 'warn_error_options': 'WarnErrorOptionsV2(error=[], warn=[], silence=[])', 'printer_width': '80', 'write_json': 'True', 'empty': 'None', 'log_cache_events': 'False', 'introspect': 'True', 'cache_selected_only': 'False', 'fail_fast': 'False', 'debug': 'False', 'log_format': 'default', 'profiles_dir': 'C:\\Users\\aswin.sethumadhavan\\.dbt', 'send_anonymous_usage_stats': 'True', 'quiet': 'False', 'warn_error': 'None', 'partial_parse': 'True', 'use_colors': 'True', 'invocation_command': 'dbt debug', 'indirect_selection': 'eager', 'use_experimental_parser': 'False', 'log_path': 'logs'}
[0m11:51:54.261800 [info ] [MainThread]: dbt version: 1.11.7
[0m11:51:54.327793 [info ] [MainThread]: python version: 3.13.14
[0m11:51:54.355727 [info ] [MainThread]: python path: C:\Users\aswin.sethumadhavan\Desktop\Personal\Learning\DBT\dbt-course\.venv\Scripts\python.exe
[0m11:51:54.413880 [info ] [MainThread]: os info: Windows-11-10.0.22631-SP0
[0m11:51:54.478601 [info ] [MainThread]: Using profiles dir at C:\Users\aswin.sethumadhavan\.dbt
[0m11:51:54.509179 [info ] [MainThread]: Using profiles.yml file at C:\Users\aswin.sethumadhavan\.dbt\profiles.yml
[0m11:51:54.613375 [info ] [MainThread]: Using dbt_project.yml file at C:\Users\aswin.sethumadhavan\Desktop\Personal\Learning\DBT\dbt-course\dbt_project.yml
[0m11:51:54.649990 [info ] [MainThread]: Configuration:
[0m11:51:54.730468 [info ] [MainThread]:   profiles.yml file [[31mERROR not found[0m]
[0m11:51:54.753417 [info ] [MainThread]:   dbt_project.yml file [[31mERROR not found[0m]
[0m11:51:54.794112 [info ] [MainThread]: Required dependencies:
[0m11:51:54.830404 [debug] [MainThread]: Executing "git --help"
[0m11:51:55.622598 [debug] [MainThread]: STDOUT: "b"usage: git [-v | --version] [-h | --help] [-C <path>] [-c <name>=<value>]\n           [--exec-path[=<path>]] [--html-path] [--man-path] [--info-path]\n           [-p | --paginate | -P | --no-pager] [--no-replace-objects] [--no-lazy-fetch]\n           [--no-optional-locks] [--no-advice] [--bare] [--git-dir=<path>]\n           [--work-tree=<path>] [--namespace=<name>] [--config-env=<name>=<envvar>]\n           <command> [<args>]\n\nThese are common Git commands used in various situations:\n\nstart a working area (see also: git help tutorial)\n   clone      Clone a repository into a new directory\n   init       Create an empty Git repository or reinitialize an existing one\n\nwork on the current change (see also: git help everyday)\n   add        Add file contents to the index\n   mv         Move or rename a file, a directory, or a symlink\n   restore    Restore working tree files\n   rm         Remove files from the working tree and from the index\n\nexamine the history and state (see also: git help revisions)\n   bisect     Use binary search to find the commit that introduced a bug\n   diff       Show changes between commits, commit and working tree, etc\n   grep       Print lines matching a pattern\n   log        Show commit logs\n   show       Show various types of objects\n   status     Show the working tree status\n\ngrow, mark and tweak your common history\n   backfill   Download missing objects in a partial clone\n   branch     List, create, or delete branches\n   commit     Record changes to the repository\n   history    EXPERIMENTAL: Rewrite history\n   merge      Join two or more development histories together\n   rebase     Reapply commits on top of another base tip\n   reset      Set `HEAD` or the index to a known state\n   switch     Switch branches\n   tag        Create, list, delete or verify tags\n\ncollaborate (see also: git help workflows)\n   fetch      Download objects and refs from another repository\n   pull       Fetch from and integrate with another repository or a local branch\n   push       Update remote refs along with associated objects\n\n'git help -a' and 'git help -g' list available subcommands and some\nconcept guides. See 'git help <command>' or 'git help <concept>'\nto read about a specific subcommand or concept.\nSee 'git help git' for an overview of the system.\n""
[0m11:51:55.628178 [debug] [MainThread]: STDERR: "b''"
[0m11:51:55.629866 [info ] [MainThread]:  - git [[32mOK found[0m]

[0m11:51:55.687576 [info ] [MainThread]: Connection test skipped since no profile was found
[0m11:51:55.704210 [info ] [MainThread]: [31m2 checks failed:[0m
[0m11:51:55.753150 [info ] [MainThread]: dbt looked for a profiles.yml file in C:\Users\aswin.sethumadhavan\.dbt\profiles.yml, but did
not find one. For more information on configuring your profile, consult the
documentation:

https://docs.getdbt.com/docs/configure-your-profile


[0m11:51:55.765360 [info ] [MainThread]: Project loading failed for the following reason:
 project path <C:\Users\aswin.sethumadhavan\Desktop\Personal\Learning\DBT\dbt-course\dbt_project.yml> not found

[0m11:51:55.788260 [debug] [MainThread]: Command `dbt debug` failed at 11:51:55.787844 after 4.76 seconds
[0m11:51:55.789791 [debug] [MainThread]: Sending event: {'category': 'dbt', 'action': 'invocation', 'label': 'end', 'context': [<snowplow_tracker.self_describing_json.SelfDescribingJson object at 0x000001DA9F21F360>, <snowplow_tracker.self_describing_json.SelfDescribingJson object at 0x000001DA9F26C950>, <snowplow_tracker.self_describing_json.SelfDescribingJson object at 0x000001DA9E0CFCE0>]}
[0m11:51:55.791793 [debug] [MainThread]: Flushing usage events
[0m11:51:57.297156 [debug] [MainThread]: An error was encountered while trying to flush usage events
